Determining if the pthread_create exist failed with the following output:
Change Dir: /home/jo/farm_bot_workspace/catkin_ws/build/CMakeFiles/CMakeTmp

Run Build Command:"/usr/bin/make" "cmTryCompileExec100984728/fast"
/usr/bin/make -f CMakeFiles/cmTryCompileExec100984728.dir/build.make CMakeFiles/cmTryCompileExec100984728.dir/build
make[1]: Entering directory '/home/jo/farm_bot_workspace/catkin_ws/build/CMakeFiles/CMakeTmp'
/usr/bin/cmake -E cmake_progress_report /home/jo/farm_bot_workspace/catkin_ws/build/CMakeFiles/CMakeTmp/CMakeFiles 1
Building C object CMakeFiles/cmTryCompileExec100984728.dir/CheckSymbolExists.c.o
/usr/bin/cc    -o CMakeFiles/cmTryCompileExec100984728.dir/CheckSymbolExists.c.o   -c /home/jo/farm_bot_workspace/catkin_ws/build/CMakeFiles/CMakeTmp/CheckSymbolExists.c
Linking C executable cmTryCompileExec100984728
/usr/bin/cmake -E cmake_link_script CMakeFiles/cmTryCompileExec100984728.dir/link.txt --verbose=1
/usr/bin/cc       CMakeFiles/cmTryCompileExec100984728.dir/CheckSymbolExists.c.o  -o cmTryCompileExec100984728 -rdynamic 
CMakeFiles/cmTryCompileExec100984728.dir/CheckSymbolExists.c.o: In function `main':
CheckSymbolExists.c:(.text+0x16): undefined reference to `pthread_create'
collect2: error: ld returned 1 exit status
CMakeFiles/cmTryCompileExec100984728.dir/build.make:88: recipe for target 'cmTryCompileExec100984728' failed
make[1]: Leaving directory '/home/jo/farm_bot_workspace/catkin_ws/build/CMakeFiles/CMakeTmp'
Makefile:118: recipe for target 'cmTryCompileExec100984728/fast' failed
make[1]: *** [cmTryCompileExec100984728] Error 1
make: *** [cmTryCompileExec100984728/fast] Error 2

File /home/jo/farm_bot_workspace/catkin_ws/build/CMakeFiles/CMakeTmp/CheckSymbolExists.c:
/* */
#include <pthread.h>

int main(int argc, char** argv)
{
  (void)argv;
#ifndef pthread_create
  return ((int*)(&pthread_create))[argc];
#else
  (void)argc;
  return 0;
#endif
}

Determining if the function pthread_create exists in the pthreads failed with the following output:
Change Dir: /home/jo/farm_bot_workspace/catkin_ws/build/CMakeFiles/CMakeTmp

Run Build Command:"/usr/bin/make" "cmTryCompileExec706458883/fast"
/usr/bin/make -f CMakeFiles/cmTryCompileExec706458883.dir/build.make CMakeFiles/cmTryCompileExec706458883.dir/build
make[1]: Entering directory '/home/jo/farm_bot_workspace/catkin_ws/build/CMakeFiles/CMakeTmp'
/usr/bin/cmake -E cmake_progress_report /home/jo/farm_bot_workspace/catkin_ws/build/CMakeFiles/CMakeTmp/CMakeFiles 1
Building C object CMakeFiles/cmTryCompileExec706458883.dir/CheckFunctionExists.c.o
/usr/bin/cc   -DCHECK_FUNCTION_EXISTS=pthread_create   -o CMakeFiles/cmTryCompileExec706458883.dir/CheckFunctionExists.c.o   -c /usr/share/cmake-3.0/Modules/CheckFunctionExists.c
Linking C executable cmTryCompileExec706458883
/usr/bin/cmake -E cmake_link_script CMakeFiles/cmTryCompileExec706458883.dir/link.txt --verbose=1
/usr/bin/cc   -DCHECK_FUNCTION_EXISTS=pthread_create    CMakeFiles/cmTryCompileExec706458883.dir/CheckFunctionExists.c.o  -o cmTryCompileExec706458883 -rdynamic -lpthreads 
/usr/bin/ld: cannot find -lpthreads
collect2: error: ld returned 1 exit status
CMakeFiles/cmTryCompileExec706458883.dir/build.make:88: recipe for target 'cmTryCompileExec706458883' failed
make[1]: Leaving directory '/home/jo/farm_bot_workspace/catkin_ws/build/CMakeFiles/CMakeTmp'
Makefile:118: recipe for target 'cmTryCompileExec706458883/fast' failed
make[1]: *** [cmTryCompileExec706458883] Error 1
make: *** [cmTryCompileExec706458883/fast] Error 2


